#
# There is insufficient memory for the Java Runtime Environment to continue.
# Native memory allocation (mmap) failed to map 266338304 bytes. Error detail: G1 virtual space
# Possible reasons:
#   The system is out of physical RAM or swap space
#   This process is running with CompressedOops enabled, and the Java Heap may be blocking the growth of the native heap
# Possible solutions:
#   Reduce memory load on the system
#   Increase physical memory or swap space
#   Check if swap backing store is full
#   Decrease Java heap size (-Xmx/-Xms)
#   Decrease number of Java threads
#   Decrease Java thread stack sizes (-Xss)
#   Set larger code cache with -XX:ReservedCodeCacheSize=
#   JVM is running with Zero Based Compressed Oops mode in which the Java heap is
#     placed in the first 32GB address space. The Java Heap base address is the
#     maximum limit for the native heap growth. Please use -XX:HeapBaseMinAddress
#     to set the Java Heap base and to place the Java Heap above 32GB virtual address.
# This output file may be truncated or incomplete.
#
#  Out of Memory Error (os_windows.cpp:3828), pid=1072, tid=12244
#
# JRE version:  (21.0.4) (build )
# Java VM: OpenJDK 64-Bit Server VM (21.0.4+-12508038-b607.1, mixed mode, sharing, tiered, compressed oops, compressed class ptrs, g1 gc, windows-amd64)
# No core dump will be written. Minidumps are not enabled by default on client versions of Windows
#

---------------  S U M M A R Y ------------

Command Line: git4idea.http.GitAskPassApp Username for 'https://github.com': 

Host: Intel(R) Core(TM) i7-8750H CPU @ 2.20GHz, 12 cores, 15G,  Windows 11 , 64 bit Build 26100 (10.0.26100.3037)
Time: Mon Mar  3 18:07:45 2025 Malay Peninsula Standard Time elapsed time: 0.015302 seconds (0d 0h 0m 0s)

---------------  T H R E A D  ---------------

Current thread (0x000001d0f0c44670):  JavaThread "Unknown thread" [_thread_in_vm, id=12244, stack(0x0000005a9f900000,0x0000005a9fa00000) (1024K)]

Stack: [0x0000005a9f900000,0x0000005a9fa00000]
Native frames: (J=compiled Java code, j=interpreted, Vv=VM code, C=native code)
V  [jvm.dll+0x6ce539]
V  [jvm.dll+0x85bf03]
V  [jvm.dll+0x85e45e]
V  [jvm.dll+0x85eb43]
V  [jvm.dll+0x27dd06]
V  [jvm.dll+0x6cada5]
V  [jvm.dll+0x6bf27a]
V  [jvm.dll+0x3541fb]
V  [jvm.dll+0x35be36]
V  [jvm.dll+0x3adbc6]
V  [jvm.dll+0x3ade98]
V  [jvm.dll+0x32691c]
V  [jvm.dll+0x32760b]
V  [jvm.dll+0x823959]
V  [jvm.dll+0x3bacf8]
V  [jvm.dll+0x80cd58]
V  [jvm.dll+0x44ef2e]
V  [jvm.dll+0x450691]
C  [jli.dll+0x52ab]
C  [ucrtbase.dll+0x37b0]
C  [KERNEL32.DLL+0x2e8d7]
C  [ntdll.dll+0xbbf2c]


---------------  P R O C E S S  ---------------

Threads class SMR info:
_java_thread_list=0x00007ffbeda6a808, length=0, elements={
}

Java Threads: ( => current thread )
Total: 0

Other Threads:
  0x000001d0f2f3f910 WorkerThread "GC Thread#0"                     [id=8160, stack(0x0000005a9fa00000,0x0000005a9fb00000) (1024K)]
  0x000001d0f2f514f0 ConcurrentGCThread "G1 Main Marker"            [id=22980, stack(0x0000005a9fb00000,0x0000005a9fc00000) (1024K)]
  0x000001d0f2f53000 WorkerThread "G1 Conc#0"                       [id=14568, stack(0x0000005a9fc00000,0x0000005a9fd00000) (1024K)]

[error occurred during error reporting (printing all threads), id 0xc0000005, EXCEPTION_ACCESS_VIOLATION (0xc0000005) at pc=0x00007ffbed269957]
VM state: not at safepoint (not fully initialized)

VM Mutex/Monitor currently owned by a thread:  ([mutex/lock_event])
[0x00007ffbedad73f8] Heap_lock - owner thread: 0x000001d0f0c44670

Heap address: 0x0000000702400000, size: 4060 MB, Compressed Oops mode: Zero based, Oop shift amount: 3

CDS archive(s) mapped at: [0x0000000000000000-0x0000000000000000-0x0000000000000000), size 0, SharedBaseAddress: 0x0000000800000000, ArchiveRelocationMode: 1.
Narrow klass base: 0x0000000000000000, Narrow klass shift: 0, Narrow klass range: 0x0

GC Precious Log:
 CardTable entry size: 512
 Card Set container configuration: InlinePtr #cards 4 size 8 Array Of Cards #cards 16 size 48 Howl #buckets 8 coarsen threshold 3686 Howl Bitmap #cards 512 size 80 coarsen threshold 460 Card regions per heap region 1 cards per card region 4096

Heap:
 garbage-first heap   total 0K, used 0K [0x0000000702400000, 0x0000000800000000)
  region size 2048K, 0 young (0K), 0 survivors (0K)
 Metaspace       used 0K, committed 0K, reserved 0K
  class space    used 0K, committed 0K, reserved 0K

Heap Regions: E=young(eden), S=young(survivor), O=old, HS=humongous(starts), HC=humongous(continues), CS=collection set, F=free, TAMS=top-at-mark-start, PB=parsable bottom

Card table byte_map: [0x000001d0f6d70000,0x000001d0f7560000] _byte_map_base: 0x000001d0f355e000

Marking Bits: (CMBitMap*) 0x000001d0f2f40010
 Bits: [0x000001d0f7560000, 0x000001d0fb4d0000)

GC Heap History (0 events):
No events

Dll operation events (1 events):
Event: 0.009 Loaded shared library D:\AndroidStudio\jbr\bin\java.dll

Deoptimization events (0 events):
No events

Classes loaded (0 events):
No events

Classes unloaded (0 events):
No events

Classes redefined (0 events):
No events

Internal exceptions (0 events):
No events

ZGC Phase Switch (0 events):
No events

VM Operations (0 events):
No events

Memory protections (0 events):
No events

Nmethod flushes (0 events):
No events

Events (0 events):
No events


Dynamic libraries:
0x00007ff7a2f20000 - 0x00007ff7a2f2a000 	D:\AndroidStudio\jbr\bin\java.exe
0x00007ffc58200000 - 0x00007ffc58463000 	C:\WINDOWS\SYSTEM32\ntdll.dll
0x00007ffc575a0000 - 0x00007ffc57667000 	C:\WINDOWS\System32\KERNEL32.DLL
0x00007ffc555a0000 - 0x00007ffc55967000 	C:\WINDOWS\System32\KERNELBASE.dll
0x00007ffc55be0000 - 0x00007ffc55d2c000 	C:\WINDOWS\System32\ucrtbase.dll
0x00007ffc43190000 - 0x00007ffc431a8000 	D:\AndroidStudio\jbr\bin\jli.dll
0x00007ffc27a40000 - 0x00007ffc27a5b000 	D:\AndroidStudio\jbr\bin\VCRUNTIME140.dll
0x00007ffc577c0000 - 0x00007ffc57989000 	C:\WINDOWS\System32\USER32.dll
0x00007ffc55df0000 - 0x00007ffc55e17000 	C:\WINDOWS\System32\win32u.dll
0x00007ffc3be30000 - 0x00007ffc3c0c0000 	C:\WINDOWS\WinSxS\amd64_microsoft.windows.common-controls_6595b64144ccf1df_6.0.26100.3037_none_3e09262ce333c378\COMCTL32.dll
0x00007ffc58050000 - 0x00007ffc5807a000 	C:\WINDOWS\System32\GDI32.dll
0x00007ffc57320000 - 0x00007ffc573c9000 	C:\WINDOWS\System32\msvcrt.dll
0x00007ffc55ab0000 - 0x00007ffc55bdb000 	C:\WINDOWS\System32\gdi32full.dll
0x00007ffc55970000 - 0x00007ffc55a13000 	C:\WINDOWS\System32\msvcp_win.dll
0x00007ffc57d60000 - 0x00007ffc57d8f000 	C:\WINDOWS\System32\IMM32.DLL
0x00007ffc494c0000 - 0x00007ffc494cc000 	D:\AndroidStudio\jbr\bin\vcruntime140_1.dll
0x00007ffbf90d0000 - 0x00007ffbf915d000 	D:\AndroidStudio\jbr\bin\msvcp140.dll
0x00007ffbecf30000 - 0x00007ffbedbb3000 	D:\AndroidStudio\jbr\bin\server\jvm.dll
0x00007ffc58080000 - 0x00007ffc58134000 	C:\WINDOWS\System32\ADVAPI32.dll
0x00007ffc579a0000 - 0x00007ffc57a46000 	C:\WINDOWS\System32\sechost.dll
0x00007ffc57b90000 - 0x00007ffc57ca6000 	C:\WINDOWS\System32\RPCRT4.dll
0x00007ffc58140000 - 0x00007ffc581b4000 	C:\WINDOWS\System32\WS2_32.dll
0x00007ffc54dc0000 - 0x00007ffc54e0e000 	C:\WINDOWS\SYSTEM32\POWRPROF.dll
0x00007ffc472f0000 - 0x00007ffc472fb000 	C:\WINDOWS\SYSTEM32\VERSION.dll
0x00007ffc425e0000 - 0x00007ffc42616000 	C:\WINDOWS\SYSTEM32\WINMM.dll
0x00007ffc54da0000 - 0x00007ffc54db4000 	C:\WINDOWS\SYSTEM32\UMPDC.dll
0x00007ffc54390000 - 0x00007ffc543aa000 	C:\WINDOWS\SYSTEM32\kernel.appcore.dll
0x00007ffc405e0000 - 0x00007ffc405ea000 	D:\AndroidStudio\jbr\bin\jimage.dll
0x00007ffc52de0000 - 0x00007ffc53021000 	C:\WINDOWS\SYSTEM32\DBGHELP.DLL
0x00007ffc56660000 - 0x00007ffc569de000 	C:\WINDOWS\System32\combase.dll
0x00007ffc57ab0000 - 0x00007ffc57b86000 	C:\WINDOWS\System32\OLEAUT32.dll
0x00007ffc3cd90000 - 0x00007ffc3cdc9000 	C:\WINDOWS\SYSTEM32\dbgcore.DLL
0x00007ffc55e20000 - 0x00007ffc55eb9000 	C:\WINDOWS\System32\bcryptPrimitives.dll
0x00007ffc25e80000 - 0x00007ffc25ea0000 	D:\AndroidStudio\jbr\bin\java.dll

dbghelp: loaded successfully - version: 4.0.5 - missing functions: none
symbol engine: initialized successfully - sym options: 0x614 - pdb path: .;D:\AndroidStudio\jbr\bin;C:\WINDOWS\SYSTEM32;C:\WINDOWS\WinSxS\amd64_microsoft.windows.common-controls_6595b64144ccf1df_6.0.26100.3037_none_3e09262ce333c378;D:\AndroidStudio\jbr\bin\server

VM Arguments:
java_command: git4idea.http.GitAskPassApp Username for 'https://github.com': 
java_class_path (initial): D:/AndroidStudio/plugins/vcs-git/lib/git4idea-rt.jar;D:/AndroidStudio/lib/externalProcess-rt.jar
Launcher Type: SUN_STANDARD

[Global flags]
     intx CICompilerCount                          = 4                                         {product} {ergonomic}
     uint ConcGCThreads                            = 3                                         {product} {ergonomic}
     uint G1ConcRefinementThreads                  = 10                                        {product} {ergonomic}
   size_t G1HeapRegionSize                         = 2097152                                   {product} {ergonomic}
    uintx GCDrainStackTargetSize                   = 64                                        {product} {ergonomic}
   size_t InitialHeapSize                          = 266338304                                 {product} {ergonomic}
   size_t MarkStackSize                            = 4194304                                   {product} {ergonomic}
   size_t MaxHeapSize                              = 4257218560                                {product} {ergonomic}
   size_t MinHeapDeltaBytes                        = 2097152                                   {product} {ergonomic}
   size_t MinHeapSize                              = 8388608                                   {product} {ergonomic}
    uintx NonNMethodCodeHeapSize                   = 5839372                                {pd product} {ergonomic}
    uintx NonProfiledCodeHeapSize                  = 122909434                              {pd product} {ergonomic}
    uintx ProfiledCodeHeapSize                     = 122909434                              {pd product} {ergonomic}
    uintx ReservedCodeCacheSize                    = 251658240                              {pd product} {ergonomic}
     bool SegmentedCodeCache                       = true                                      {product} {ergonomic}
   size_t SoftMaxHeapSize                          = 4257218560                             {manageable} {ergonomic}
     bool UseCompressedOops                        = true                           {product lp64_product} {ergonomic}
     bool UseG1GC                                  = true                                      {product} {ergonomic}
     bool UseLargePagesIndividualAllocation        = false                                  {pd product} {ergonomic}

Logging:
Log output configuration:
 #0: stdout all=warning uptime,level,tags foldmultilines=false
 #1: stderr all=off uptime,level,tags foldmultilines=false

Environment Variables:
JAVA_HOME=C:\Program Files\Java\jdk-23.0.2
PATH=C:\Program Files\Git\mingw64\libexec\git-core;C:\Program Files\Git\mingw64\libexec\git-core;C:\Program Files\Git\mingw64\bin;C:\Program Files\Git\usr\bin;C:\Users\clark\bin;C:\Program Files\Eclipse Adoptium\jdk-21.0.6.7-hotspot\bin;C:\Program Files (x86)\Intel\Intel(R) Management Engine Components\iCLS;C:\Program Files\Intel\Intel(R) Management Engine Components\iCLS;C:\Windows\system32;C:\Windows;C:\Windows\System32\Wbem;C:\Windows\System32\WindowsPowerShell\v1.0;C:\Program Files (x86)\NVIDIA Corporation\PhysX\Common;C:\Program Files (x86)\Intel\Intel(R) Management Engine Components\DAL;C:\Program Files\Intel\Intel(R) Management Engine Components\DAL;C:\Program Files (x86)\Intel\Intel(R) Management Engine Components\IPT;C:\Program Files\Intel\Intel(R) Management Engine Components\IPT;C:\Program Files\Intel\WiFi\bin;C:\Program Files\Common Files\Intel\WirelessCommon;C:\WINDOWS\system32;C:\WINDOWS;C:\WINDOWS\System32\Wbem;C:\WINDOWS\System32\WindowsPowerShell\v1.0;C:\WINDOWS\System32\OpenSSH;C:\Program Files\dotnet;C:\Program Files\Git\cmd;C:\Program Files\nodejs;C:\Program Files (x86)\Windows Kits\10\Windows Performance Toolkit;D:\Flutter\flutter\bin;%JAVA_HOME%\bin;C:\Program Files\NVIDIA Corporation\NVIDIA app\NvDLISR;C:\Users\clark\AppData\Local\Microsoft\WindowsApps;C:\flutter\bin;C:\Users\clark\AppData\Local\Programs\Microsoft VS Code\bin;C:\Users\clark\AppData\Roaming\npm;D:\Flutter\flutter\bin
USERNAME=clark
DISPLAY=:0.0
LC_ALL=en_US.UTF-8
TERM=xterm-256color
TMPDIR=C:\Users\clark\AppData\Local\Temp
OS=Windows_NT
PROCESSOR_IDENTIFIER=Intel64 Family 6 Model 158 Stepping 10, GenuineIntel
TMP=C:\Users\clark\AppData\Local\Temp
TEMP=C:\Users\clark\AppData\Local\Temp




Periodic native trim disabled

JNI global refs:
JNI global refs: 0, weak refs: 0

JNI global refs memory usage: 0, weak refs: 0

Process memory usage:
Resident Set Size: 12876K (0% of 16624600K total physical memory with 2209928K free physical memory)

OOME stack traces (most recent first):
Classloader memory used:

---------------  S Y S T E M  ---------------

OS:
 Windows 11 , 64 bit Build 26100 (10.0.26100.3037)
OS uptime: 0 days 22:53 hours
Hyper-V role detected

CPU: total 12 (initial active 12) (6 cores per cpu, 2 threads per core) family 6 model 158 stepping 10 microcode 0xde, cx8, cmov, fxsr, ht, mmx, 3dnowpref, sse, sse2, sse3, ssse3, sse4.1, sse4.2, popcnt, lzcnt, tsc, tscinvbit, avx, avx2, aes, erms, clmul, bmi1, bmi2, adx, fma, vzeroupper, clflush, clflushopt, hv, rdtscp, f16c
Processor Information for all 12 processors :
  Max Mhz: 2208, Current Mhz: 2208, Mhz Limit: 2208

Memory: 4k page, system-wide physical 16234M (2158M free)
TotalPageFile size 20023M (AvailPageFile size 114M)
current process WorkingSet (physical memory assigned to process): 12M, peak: 12M
current process commit charge ("private bytes"): 64M, peak: 318M

vm_info: OpenJDK 64-Bit Server VM (21.0.4+-12508038-b607.1) for windows-amd64 JRE (21.0.4+-12508038-b607.1), built on 2024-10-16T17:23:34Z by "builder" with MS VC++ 16.10 / 16.11 (VS2019)

END.
